 [  OK  ]
Stopping splunkweb...
Stopping splunkd...
Shutting down.  Please wait, as this may take a few minutes.
. [  OK  ]
Stopping splunk helpers...
 [  OK  ]
Done.

Splunk> 4TW

Checking prerequisites...
	Checking http port [8000]: open
	Checking mgmt port [8089]: 	Checking configuration...  Done.
	Checking critical directories...	Done
	Checking indexes...
		Validated: _audit _blocksignature _internal _introspection _thefishbucket carbonblack cerner history main pan_logs summary
	Done
 [  OK  ]
 [  OK  ]
open
	Checking filesystem compatibility...  Done
	Checking conf files for problems...
	Done
All preliminary checks passed.

Starting splunk server daemon (splunkd)...  
Done
Starting splunkweb...  Done

If you get stuck, we're here to help.  
Look for answers here: http://docs.splunk.com

The Splunk web interface is at http://ip-10-164-83-164.ec2.internal:8000

