Got 398 staff ids and adding 17 more
Got 415 staff ids
	 2014 09 02 - Got 2014-09-02, resulted in 2014 9 3 
	 2014 09 03 - Got 2014-09-03, resulted in 2014 9 4 
	 2014 09 04 - Got 2014-09-04, resulted in 2014 9 5 
	 2014 09 05 - Got 2014-09-05, resulted in 2014 9 6 
	 2014 09 06 - Got 2014-09-06, resulted in 2014 9 7 
	 2014 09 07 - Got 2014-09-07, resulted in 2014 9 8 
	 2014 09 08 - Got 2014-09-08, resulted in 2014 9 9 
	 2014 09 09 - Got 2014-09-09, resulted in 2014 9 10 
	 2014 09 10 - Got 2014-09-10, resulted in 2014 9 11 
	 2014 09 11 - Got 2014-09-11, resulted in 2014 9 12 
	 2014 09 12 - Got 2014-09-12, resulted in 2014 9 13 
	 2014 09 13 - Got 2014-09-13, resulted in 2014 9 14 
	 2014 09 14 - Got 2014-09-14, resulted in 2014 9 15 
	 2014 09 15 - Got 2014-09-15, resulted in 2014 9 16 
	 2014 09 16 - Got 2014-09-16, resulted in 2014 9 17 
	 2014 09 17 - Got 2014-09-17, resulted in 2014 9 18 
	 2014 09 18 - Got 2014-09-18, resulted in 2014 9 19 
	 2014 09 19 - Got 2014-09-19, resulted in 2014 9 20 
	 2014 09 20 - Got 2014-09-20, resulted in 2014 9 21 
	 2014 09 21 - Got 2014-09-21, resulted in 2014 9 22 
	 2014 09 22 - Got 2014-09-22, resulted in 2014 9 23 
	 2014 09 23 - Got 2014-09-23, resulted in 2014 9 24 
	 2014 09 24 - Got 2014-09-24, resulted in 2014 9 25 
	 2014 09 25 - Got 2014-09-25, resulted in 2014 9 26 
	 2014 09 26 - Got 2014-09-26, resulted in 2014 9 27 
	 2014 09 27 - Got 2014-09-27, resulted in 2014 9 28 
	 2014 09 28 - Got 2014-09-28, resulted in 2014 9 29 
	 2014 09 29 - Got 2014-09-29, resulted in 2014 9 30 
	 2014 09 30 - Got 2014-09-30, resulted in 2014 10 1 
	 2014 10 01 - Got 2014-10-01, resulted in 2014 10 2 
	 2014 10 02 - Got 2014-10-02, resulted in 2014 10 3 
	 2014 10 03 - Got 2014-10-03, resulted in 2014 10 4 
	 2014 10 04 - Got 2014-10-04, resulted in 2014 10 5 
	 2014 10 05 - Got 2014-10-05, resulted in 2014 10 6 
Got 398 staff ids and adding 21 more
Got 419 staff ids
	 2014 09 02 - Got 2014-09-02, resulted in 2014 9 3 
	 2014 09 03 - Got 2014-09-03, resulted in 2014 9 4 
	 2014 09 04 - Got 2014-09-04, resulted in 2014 9 5 
	 2014 09 05 - Got 2014-09-05, resulted in 2014 9 6 
	 2014 09 06 - Got 2014-09-06, resulted in 2014 9 7 
	 2014 09 07 - Got 2014-09-07, resulted in 2014 9 8 
	 2014 09 08 - Got 2014-09-08, resulted in 2014 9 9 
	 2014 09 09 - Got 2014-09-09, resulted in 2014 9 10 
	 2014 09 10 - Got 2014-09-10, resulted in 2014 9 11 
	 2014 09 11 - Got 2014-09-11, resulted in 2014 9 12 
	 2014 09 12 - Got 2014-09-12, resulted in 2014 9 13 
	 2014 09 13 - Got 2014-09-13, resulted in 2014 9 14 
	 2014 09 14 - Got 2014-09-14, resulted in 2014 9 15 
	 2014 09 15 - Got 2014-09-15, resulted in 2014 9 16 
	 2014 09 16 - Got 2014-09-16, resulted in 2014 9 17 
	 2014 09 17 - Got 2014-09-17, resulted in 2014 9 18 
	 2014 09 18 - Got 2014-09-18, resulted in 2014 9 19 
	 2014 09 19 - Got 2014-09-19, resulted in 2014 9 20 
	 2014 09 20 - Got 2014-09-20, resulted in 2014 9 21 
	 2014 09 21 - Got 2014-09-21, resulted in 2014 9 22 
	 2014 09 22 - Got 2014-09-22, resulted in 2014 9 23 
	 2014 09 23 - Got 2014-09-23, resulted in 2014 9 24 
	 2014 09 24 - Got 2014-09-24, resulted in 2014 9 25 
	 2014 09 25 - Got 2014-09-25, resulted in 2014 9 26 
	 2014 09 26 - Got 2014-09-26, resulted in 2014 9 27 
	 2014 09 27 - Got 2014-09-27, resulted in 2014 9 28 
	 2014 09 28 - Got 2014-09-28, resulted in 2014 9 29 
	 2014 09 29 - Got 2014-09-29, resulted in 2014 9 30 
	 2014 09 30 - Got 2014-09-30, resulted in 2014 10 1 
	 2014 10 01 - Got 2014-10-01, resulted in 2014 10 2 
	 2014 10 02 - Got 2014-10-02, resulted in 2014 10 3 
	 2014 10 03 - Got 2014-10-03, resulted in 2014 10 4 
	 2014 10 04 - Got 2014-10-04, resulted in 2014 10 5 
	 2014 10 05 - Got 2014-10-05, resulted in 2014 10 6 
